1555158599.791221 client started (15416): version 2.8, socket /tmp/tmux-1000/default, protocol 8
1555158599.791294 on Linux 5.0.6-arch1-1-ARCH #1 SMP PREEMPT Wed Apr 3 09:35:20 UTC 2019; libevent 2.1.8-stable (poll)
1555158599.791350 socket is /tmp/tmux-1000/default
1555158599.791380 trying connect
1555158599.791565 add peer 0x55bb95f5d0b0: 6 ((nil))
1555158599.791710 sending message 100 to peer 0x55bb95f5d0b0 (4 bytes)
1555158599.791731 sending message 101 to peer 0x55bb95f5d0b0 (14 bytes)
1555158599.791745 sending message 102 to peer 0x55bb95f5d0b0 (11 bytes)
1555158599.791756 sending message 108 to peer 0x55bb95f5d0b0 (24 bytes)
1555158599.791771 sending message 104 to peer 0x55bb95f5d0b0 (0 bytes)
1555158599.791785 sending message 107 to peer 0x55bb95f5d0b0 (4 bytes)
1555158599.791796 sending message 105 to peer 0x55bb95f5d0b0 (26 bytes)
1555158599.791809 sending message 105 to peer 0x55bb95f5d0b0 (20 bytes)
1555158599.791820 sending message 105 to peer 0x55bb95f5d0b0 (54 bytes)
1555158599.791831 sending message 105 to peer 0x55bb95f5d0b0 (19 bytes)
1555158599.791843 sending message 105 to peer 0x55bb95f5d0b0 (11 bytes)
1555158599.791854 sending message 105 to peer 0x55bb95f5d0b0 (63 bytes)
1555158599.791865 sending message 105 to peer 0x55bb95f5d0b0 (12 bytes)
1555158599.791876 sending message 105 to peer 0x55bb95f5d0b0 (14 bytes)
1555158599.791887 sending message 105 to peer 0x55bb95f5d0b0 (21 bytes)
1555158599.791898 sending message 105 to peer 0x55bb95f5d0b0 (32 bytes)
1555158599.791910 sending message 105 to peer 0x55bb95f5d0b0 (18 bytes)
1555158599.791921 sending message 105 to peer 0x55bb95f5d0b0 (71 bytes)
1555158599.791932 sending message 105 to peer 0x55bb95f5d0b0 (17 bytes)
1555158599.791943 sending message 105 to peer 0x55bb95f5d0b0 (13 bytes)
1555158599.791958 sending message 105 to peer 0x55bb95f5d0b0 (21 bytes)
1555158599.791969 sending message 105 to peer 0x55bb95f5d0b0 (60 bytes)
1555158599.791980 sending message 105 to peer 0x55bb95f5d0b0 (8 bytes)
1555158599.791992 sending message 105 to peer 0x55bb95f5d0b0 (15 bytes)
1555158599.792003 sending message 105 to peer 0x55bb95f5d0b0 (32 bytes)
1555158599.792022 sending message 105 to peer 0x55bb95f5d0b0 (1506 bytes)
1555158599.792056 sending message 105 to peer 0x55bb95f5d0b0 (59 bytes)
1555158599.792070 sending message 105 to peer 0x55bb95f5d0b0 (28 bytes)
1555158599.792082 sending message 105 to peer 0x55bb95f5d0b0 (41 bytes)
1555158599.792093 sending message 105 to peer 0x55bb95f5d0b0 (20 bytes)
1555158599.792105 sending message 105 to peer 0x55bb95f5d0b0 (11 bytes)
1555158599.792118 sending message 105 to peer 0x55bb95f5d0b0 (313 bytes)
1555158599.792130 sending message 105 to peer 0x55bb95f5d0b0 (23 bytes)
1555158599.792141 sending message 105 to peer 0x55bb95f5d0b0 (28 bytes)
1555158599.792152 sending message 105 to peer 0x55bb95f5d0b0 (19 bytes)
1555158599.792163 sending message 105 to peer 0x55bb95f5d0b0 (8 bytes)
1555158599.792175 sending message 105 to peer 0x55bb95f5d0b0 (19 bytes)
1555158599.792186 sending message 105 to peer 0x55bb95f5d0b0 (60 bytes)
1555158599.792198 sending message 105 to peer 0x55bb95f5d0b0 (45 bytes)
1555158599.792209 sending message 105 to peer 0x55bb95f5d0b0 (62 bytes)
1555158599.792221 sending message 105 to peer 0x55bb95f5d0b0 (35 bytes)
1555158599.792232 sending message 105 to peer 0x55bb95f5d0b0 (13 bytes)
1555158599.792243 sending message 105 to peer 0x55bb95f5d0b0 (19 bytes)
1555158599.792254 sending message 105 to peer 0x55bb95f5d0b0 (12 bytes)
1555158599.792265 sending message 105 to peer 0x55bb95f5d0b0 (16 bytes)
1555158599.792276 sending message 105 to peer 0x55bb95f5d0b0 (59 bytes)
1555158599.792287 sending message 105 to peer 0x55bb95f5d0b0 (17 bytes)
1555158599.792298 sending message 105 to peer 0x55bb95f5d0b0 (13 bytes)
1555158599.792310 sending message 105 to peer 0x55bb95f5d0b0 (41 bytes)
1555158599.792321 sending message 105 to peer 0x55bb95f5d0b0 (23 bytes)
1555158599.792333 sending message 105 to peer 0x55bb95f5d0b0 (125 bytes)
1555158599.792344 sending message 105 to peer 0x55bb95f5d0b0 (31 bytes)
1555158599.792356 sending message 105 to peer 0x55bb95f5d0b0 (15 bytes)
1555158599.792387 sending message 105 to peer 0x55bb95f5d0b0 (23 bytes)
1555158599.792399 sending message 105 to peer 0x55bb95f5d0b0 (23 bytes)
1555158599.792411 sending message 105 to peer 0x55bb95f5d0b0 (17 bytes)
1555158599.792422 sending message 105 to peer 0x55bb95f5d0b0 (21 bytes)
1555158599.792433 sending message 105 to peer 0x55bb95f5d0b0 (11 bytes)
1555158599.792444 sending message 105 to peer 0x55bb95f5d0b0 (28 bytes)
1555158599.792454 sending message 105 to peer 0x55bb95f5d0b0 (16 bytes)
1555158599.792466 sending message 105 to peer 0x55bb95f5d0b0 (109 bytes)
1555158599.792477 sending message 106 to peer 0x55bb95f5d0b0 (0 bytes)
1555158599.792490 sending message 200 to peer 0x55bb95f5d0b0 (4 bytes)
1555158599.792501 client loop enter
1555158599.800780 peer 0x55bb95f5d0b0 message 211
1555158599.800817 client_write: sessions should be nested with care, unset $TMUX to force\n
1555158599.800853 peer 0x55bb95f5d0b0 message 203
1555158599.800868 client loop exit
